<?xml version="1.0" encoding="UTF-8"?>
<!-- Generated by org.testng.reporters.JUnitReportReporter -->
<testsuite hostname="LAPTOP-4GS3IR5D" failures="0" tests="1" name="tp_test.demo_test" time="0.015" errors="0" timestamp="2021-06-03T00:55:14 IST" skipped="0">
  <testcase classname="tp_test.demo_test" name="add" time="0.015"/>
  <system-out/>
</testsuite> <!-- tp_test.demo_test -->
